<?xml version="1.0" encoding="UTF-8"?>
<!-- Generated by org.testng.reporters.JUnitXMLReporter -->
<testsuite hostname="nblap247" ignored="1" name="Default test" tests="1" failures="0" timestamp="04 Jan 2020 14:48:42 GMT" time="1.235" errors="0">
  <testcase name="test002" time="0.865" classname="com.unimoni.restassured.BasicAuth10"/>
  <testcase name="test001" time="0.0" classname="com.unimoni.restassured.BasicAuth10">
    <ignored/>
  </testcase> <!-- test001 -->
</testsuite> <!-- Default test -->
