<?xml version="1.0" encoding="UTF-8"?>
<testng-results skipped="0" failed="0" ignored="1" total="2" passed="1">
  <reporter-output>
  </reporter-output>
  <suite name="Default suite" duration-ms="1235" started-at="2020-01-04T14:48:41Z" finished-at="2020-01-04T14:48:42Z">
    <groups>
    </groups>
    <test name="Default test" duration-ms="1235" started-at="2020-01-04T14:48:41Z" finished-at="2020-01-04T14:48:42Z">
      <class name="com.unimoni.restassured.BasicAuth10">
        <test-method status="PASS" signature="init()[pri:0, instance:com.unimoni.restassured.BasicAuth10@14acaea5]" name="init" is-config="true" duration-ms="354" started-at="2020-01-04T14:48:41Z" finished-at="2020-01-04T14:48:41Z">
          <reporter-output>
          </reporter-output>
        </test-method> <!-- init -->
        <test-method status="PASS" signature="test002()[pri:0, instance:com.unimoni.restassured.BasicAuth10@14acaea5]" name="test002" duration-ms="865" started-at="2020-01-04T14:48:41Z" finished-at="2020-01-04T14:48:42Z">
          <reporter-output>
          </reporter-output>
        </test-method> <!-- test002 -->
      </class> <!-- com.unimoni.restassured.BasicAuth10 -->
    </test> <!-- Default test -->
  </suite> <!-- Default suite -->
</testng-results>
